
############################################################
[Sat Apr 25 12:18:02 JST 2026] LOOP START — branch=chore/website-debug-polish duration=4h
[Sat Apr 25 12:18:02 JST 2026] Deadline: Sat Apr 25 16:18:02 JST 2026
############################################################

============================================================
TASK #1 — Sat Apr 25 12:18:02 JST 2026 — focus: hover micro-interactions on glass-cards — 240m left
============================================================
COMMITTED: Added diagonal light-sweep micro-interaction to `.glass-card` — a subtle white reflection streak slides across the card on hover (dark: cool white, light: warm pink-mint), reinforcing the glass metaphor. Uses `::before` pseudo-element with `translateX` transition, respects `prefers-reduced-motion`.

[task #1 exit=0 @ Sat Apr 25 12:20:04 JST 2026]

============================================================
TASK #2 — Sat Apr 25 12:20:24 JST 2026 — focus: mobile responsive issues on /zh homepage — 237m left
============================================================
COMMITTED: Fixed two mobile responsive issues on the /zh homepage:

1. **Hero stats row** — replaced `flex` with `grid grid-cols-3` to prevent overflow on narrow screens, removed unnecessary decorative dividers, reduced stat value font from `text-2xl` to `text-xl` and label from `text-xs` to `text-[11px]` on mobile
2. **MyWorld SNS cards** — reduced gap/padding/icon-size/text on small screens (`gap-2`, `p-4`, `w-10 h-10` icons, `text-xs` labels) so the 3-column grid doesn't cramp

[task #2 exit=0 @ Sat Apr 25 12:23:15 JST 2026]

============================================================
TASK #3 — Sat Apr 25 12:23:35 JST 2026 — focus: TypeScript any usage and type safety — 234m left
============================================================
COMMITTED: Removed unnecessary `typeof` checks and `Record<string, string>` casts in blog-list.tsx search filter. `BlogPost.title` and `BlogPost.excerpt` are already typed as `Record<string, string>`, so the runtime type guards and casts were redundant. Also improved search to use the current locale instead of hardcoding `zh`.

[task #3 exit=0 @ Sat Apr 25 12:24:41 JST 2026]

============================================================
TASK #4 — Sat Apr 25 12:25:01 JST 2026 — focus: lint warnings (next/image, unused imports) — 233m left
============================================================
COMMITTED: Fixed 4 lint warnings — removed unused `Image` import (hero-section.tsx), unused `ReactNode` import (BeforeAfter.tsx), prefixed unused `comments` param (blog-detail.tsx), and prefixed unused `title` variable (DailyFeedMasonry.tsx).

[task #4 exit=0 @ Sat Apr 25 12:26:44 JST 2026]

============================================================
TASK #5 — Sat Apr 25 12:27:04 JST 2026 — focus: i18n key consistency between zh/en/ja — 230m left
============================================================
COMMITTED: Removed duplicate `debate.show`/`debate.hide` keys in all 3 locale files (en/zh/ja each had two definitions where the second silently overrode the first), and fixed untranslated Chinese in ja.json — `nav.debate` changed from "AI观点" to "AIディスカッション", `nav.forum` from "資讯ディスカッション" to "ニュースディスカッション", and `debate.title`/`debate.page_title` from "資讯ディスカッション" to "ニュースディスカッション".

[task #5 exit=0 @ Sat Apr 25 12:34:43 JST 2026]

============================================================
TASK #6 — Sat Apr 25 12:35:03 JST 2026 — focus: accessibility — aria-labels and focus rings — 222m left
============================================================
COMMITTED: Added global `:focus-visible` outline (brand-mint, 2px, offset 2px) in globals.css, `aria-label` + `aria-current` on locale switcher links, `aria-label` + `aria-expanded` on user menu button and mobile nav "More" button — 4 files touched, 11 lines added.

[task #6 exit=0 @ Sat Apr 25 12:38:11 JST 2026]

============================================================
TASK #7 — Sat Apr 25 12:38:31 JST 2026 — focus: dead code and unused exports — 219m left
============================================================
COMMITTED: removed dead `src/data/timeline.ts` (1345 lines) — it exported `TimelineCategory`, `TimelineEntry`, `categoryConfig`, and `timelineData` but nothing in the codebase imported from it. The actual timeline feature uses `src/lib/timeline-data.ts` instead.

[task #7 exit=0 @ Sat Apr 25 12:40:52 JST 2026]

============================================================
TASK #8 — Sat Apr 25 12:41:12 JST 2026 — focus: component prop type tightening — 216m left
============================================================
COMMITTED: Extracted shared `Locale` type derived from routing config (`src/lib/locale.ts`), replaced 9 duplicate local `type Locale = 'zh' | 'ja' | 'en'` definitions with imports, and tightened `CaseCard`/`CaseDetail` props from `locale: string` + `as Locale` cast to `locale: Locale` directly.

[task #8 exit=0 @ Sat Apr 25 12:47:43 JST 2026]

============================================================
TASK #9 — Sat Apr 25 12:48:03 JST 2026 — focus: subtle dark-mode contrast fixes — 209m left
============================================================
COMMITTED: raised 5 low-opacity dark-mode values in `src/app/globals.css` — hero date (0.38→0.58), stat labels (0.42→0.58), hero subtitle (0.68→0.82), term definitions (0.58→0.75), TOC item border (0.04→0.08) — all now closer to WCAG AA 4.5:1 contrast on the dark background.

[task #9 exit=0 @ Sat Apr 25 12:49:30 JST 2026]

============================================================
TASK #10 — Sat Apr 25 12:49:50 JST 2026 — focus: console.log cleanup in production code — 208m left
============================================================
COMMITTED: Removed 3 `console.error` calls from production client-side code (news fetching in `src/lib/news.ts`, `news/page.tsx`, `news/[id]/page.tsx`) — these leaked Supabase error details to the browser console while the app already handled errors gracefully via fallback returns.

[task #10 exit=0 @ Sat Apr 25 12:51:08 JST 2026]

============================================================
TASK #11 — Sat Apr 25 12:51:28 JST 2026 — focus: missing error boundaries on data fetch — 206m left
============================================================
COMMITTED: Added `error.tsx` error boundary at the `[locale]` layout level (catches unhandled server-component errors across debate/blog/cases/timeline pages with a retry button in the site's Dior dark aesthetic), replaced silent `.catch(() => {})` in both news list and news detail client pages with visible error state + retry button, and added `error` i18n keys to all 3 locale files.

[task #11 exit=0 @ Sat Apr 25 12:53:59 JST 2026]

============================================================
TASK #12 — Sat Apr 25 12:54:19 JST 2026 — focus: blog detail reading flow polish — 203m left
============================================================
COMMITTED: Added a centered "Back to blog" link below the prev/next navigation at the bottom of both enhanced and standard blog detail layouts, so readers who finish an article can return to the blog list without scrolling back to the top.

[task #12 exit=0 @ Sat Apr 25 12:57:01 JST 2026]

============================================================
TASK #13 — Sat Apr 25 12:57:21 JST 2026 — focus: navigation/header smoothness — 200m left
============================================================
COMMITTED: Fixed broken hover underline on inactive desktop nav links — the `group` class was missing from the Link element so `group-hover:scale-x-100` never triggered. Also toned down the hover underline (60% opacity, no glow) to visually distinguish it from the active indicator.

[task #13 exit=0 @ Sat Apr 25 12:58:39 JST 2026]

============================================================
TASK #14 — Sat Apr 25 12:58:59 JST 2026 — focus: footer polish and link audit — 199m left
============================================================
COMMITTED: fix GitHub link in footer from stale `mouxue56-debug/will-ai-blog` to consistent `konayuki56` profile — matches layout.tsx JSON-LD, about page, and contact translations across all 3 locales.

[task #14 exit=0 @ Sat Apr 25 13:01:18 JST 2026]

============================================================
TASK #15 — Sat Apr 25 13:01:38 JST 2026 — focus: 404/not-found page visual — 196m left
============================================================
已提交：404/not-found 页面视觉 — 使“404”成为一个大型渐变英雄文本（7rem/9rem，采用 cyan→mint→taro 渐变），并带有 3 秒的悬浮动画，将副标题语义修正为 h2，添加 `min-h-[70vh]` 居中显示，并略微增强了背景光晕。

[task #15 exit=0 @ Sat Apr 25 13:03:54 JST 2026]

============================================================
TASK #16 — Sat Apr 25 13:04:14 JST 2026 — focus: OG/SEO metadata gaps — 193m left
============================================================
COMMITTED: Added `canonical` URLs and `x-default` hreflang to 6 sub-layouts (about, cases, cattery, life, news, timeline) that were missing them — now consistent with the debate layout and root locale layout. Also fixed `zh` → `zh-CN` language keys to match the root layout convention.

[task #16 exit=0 @ Sat Apr 25 13:06:01 JST 2026]

============================================================
TASK #17 — Sat Apr 25 13:06:21 JST 2026 — focus: image alt text quality — 191m left
============================================================
COMMITTED: Replaced 3 empty/generic alt texts with meaningful values — `case-detail.tsx` hero image now uses localized case title, `learning/page.tsx` banner uses translated section title, `about-sections.tsx` agent avatars use translated agent names instead of internal keys.

[task #17 exit=0 @ Sat Apr 25 13:07:42 JST 2026]

============================================================
TASK #18 — Sat Apr 25 13:08:02 JST 2026 — focus: CSS animation prefers-reduced-motion coverage — 190m left
============================================================
COMMITTED: Added comprehensive `prefers-reduced-motion: reduce` block covering 6 infinite-loop animations (particles, beams, typing cursor, dot pulse, node glow), 3 one-shot entry animations (timeline grow, hero fades, tag pop), hover lift transforms on 7 component types, scroll-driven reveal animations, and global transition duration reduction — all in `src/app/globals.css`.

[task #18 exit=0 @ Sat Apr 25 13:09:27 JST 2026]

============================================================
TASK #19 — Sat Apr 25 13:09:47 JST 2026 — focus: duplicate code in home components — 188m left
============================================================
COMMITTED: Extracted the repeated cyan gradient accent line (`w-16 h-0.5 bg-gradient-to-r from-[#00D4FF] to-transparent mb-6`) from 3 home components (ai-dashboard, MyWorld, StoryTimeline) into a shared `SectionAccentLine` component.

[task #19 exit=0 @ Sat Apr 25 13:11:43 JST 2026]

============================================================
TASK #20 — Sat Apr 25 13:12:03 JST 2026 — focus: API route input validation — 185m left
============================================================
COMMITTED: Validate POST body in `/api/news/[id]/comments` — previously the route spread the entire unvalidated `body` into the comment object (`...body`), allowing arbitrary field injection and accepting empty/missing required fields. Now it requires `content` and `author_name`, runs content through the existing `filterContent` XSS/length filter, caps author name at 50 chars, and only whitelists known fields into the response.

[task #20 exit=0 @ Sat Apr 25 13:13:33 JST 2026]

============================================================
TASK #21 — Sat Apr 25 13:13:53 JST 2026 — focus: loading state UX on slow networks — 184m left
============================================================
COMMITTED: Replace bare "Loading..." text in news list and news detail pages with the site's branded cyan/mint spinner, and extract a shared `BrandedSpinner` component (also DRYing up the root `loading.tsx`). On slow networks, users now see a consistent branded animation instead of static text.

[task #21 exit=0 @ Sat Apr 25 13:15:56 JST 2026]

============================================================
TASK #22 — Sat Apr 25 13:16:16 JST 2026 — focus: Error boundary coverage on /debate /blog — 181m left
============================================================
COMMITTED: Added route-specific `error.tsx` for `/debate` and `/blog` — both inherit the site's Dior dark aesthetic (cyan gradient, glow effects) from the root error boundary, add contextual "Back to Debate/Blog" navigation links in all 3 locales, and provide scoped error logging (`[DebateError]`/`[BlogError]`) so failures in these routes are easier to trace than the generic `[ErrorBoundary]` prefix.

[task #22 exit=0 @ Sat Apr 25 13:17:44 JST 2026]

============================================================
TASK #23 — Sat Apr 25 13:18:04 JST 2026 — focus: BlogCard hover polish — 179m left
============================================================
已提交：移除了重复的悬停提升效果（framer `whileHover={{ y: -4 }}` + Tailwind `hover:-translate-y-1`），将悬停效果升级为 `y: -6, scale: 1.01`，并添加了主题性的青色发光阴影，而不是通用的阴影，并为摘录文本添加了颜色过渡效果，使其在悬停时变亮。

[task #23 exit=0 @ Sat Apr 25 13:21:13 JST 2026]

============================================================
TASK #24 — Sat Apr 25 13:21:33 JST 2026 — focus: loading skeleton consistency across routes — 176m left
============================================================
COMMITTED: Added debate route `loading.tsx` — a tailored skeleton matching the debate page's banner + masonry card layout. Previously the debate page (a server component fetching from Supabase) fell through to the generic root spinner; now it shows a structured skeleton consistent with the blog route's approach.

[task #24 exit=0 @ Sat Apr 25 13:23:09 JST 2026]

============================================================
TASK #25 — Sat Apr 25 13:23:29 JST 2026 — focus: hover micro-interactions on glass-cards — 174m left
============================================================
COMMITTED: glass-card hover now uses spring cubic-bezier `(0.34, 1.56, 0.64, 1)` for transform timing (slight overshoot bounce) + `scale(1.01)` alongside the existing `translateY(-3px)` lift, in both dark and light modes. This gives cards a subtle elastic "press and release" feel that matches the Dior luxury aesthetic.

[task #25 exit=0 @ Sat Apr 25 13:24:51 JST 2026]

============================================================
TASK #26 — Sat Apr 25 13:25:11 JST 2026 — focus: mobile responsive issues on /zh homepage — 172m left
============================================================
COMMITTED: shrink feed cards from 300px to 260px on mobile so the next card peeks into view, indicating horizontal scrollability on small screens (320–375px).

[task #26 exit=0 @ Sat Apr 25 13:27:52 JST 2026]

============================================================
TASK #27 — Sat Apr 25 13:28:12 JST 2026 — focus: TypeScript any usage and type safety — 169m left
============================================================
COMMITTED: Replaced the unchecked `as` type assertion on the debate opinion POST body (`request.json() as {...}`) with a proper `isOpinionBody()` runtime type guard that validates each field's actual type before the code proceeds. This catches malformed input (e.g., `stance: 123`, `opinion: "string"`) at the API boundary instead of silently letting it through.

[task #27 exit=0 @ Sat Apr 25 13:31:07 JST 2026]

============================================================
TASK #28 — Sat Apr 25 13:31:27 JST 2026 — focus: lint warnings (next/image, unused imports) — 166m left
============================================================
COMMITTED: consolidate `useReducedMotion` import from `framer-motion` to `motion/react` in `TimelineYearIndexClient.tsx` — eliminates mixed motion library import and the unused `framer-motion` dependency path

[task #28 exit=0 @ Sat Apr 25 13:34:11 JST 2026]

============================================================
TASK #29 — Sat Apr 25 13:34:31 JST 2026 — focus: i18n key consistency between zh/en/ja — 163m left
============================================================
COMMITTED: Replaced locale-suffixed i18n keys (`page_intro_zh/ja/en`, `auto_updated_ja/en`) with proper per-locale `page_intro` and `auto_updated` keys — removed 12 redundant keys across 3 locale files and simplified the cases page component to use `t('page_intro')` instead of a locale-lookup map.

[task #29 exit=0 @ Sat Apr 25 13:37:14 JST 2026]

============================================================
TASK #30 — Sat Apr 25 13:37:34 JST 2026 — focus: accessibility — aria-labels and focus rings — 160m left
============================================================
COMMITTED: Fixed invisible focus-visible ring (referenced undefined `--brand-mint`, changed to `--ring` which exists in both light/dark themes) and corrected UserMenu trigger `aria-label` from "sign_out" to "user_menu" with `aria-haspopup`, added `user_menu` i18n key to all 3 locales.

[task #30 exit=0 @ Sat Apr 25 13:39:42 JST 2026]

============================================================
TASK #31 — Sat Apr 25 13:40:02 JST 2026 — focus: dead code and unused exports — 158m left
============================================================
COMMITTED: removed 3 unused exported functions (`getDebatesByDate`, `getEventsByCategory`, `isValidKeyFormat`) and un-exported `NewsComment` type (kept as file-local since it's used internally by `NewsItem`). 4 files changed, net -14 lines.

[task #31 exit=0 @ Sat Apr 25 13:42:08 JST 2026]

============================================================
TASK #32 — Sat Apr 25 13:42:28 JST 2026 — focus: component prop type tightening — 155m left
============================================================
COMMITTED: Replaced 3 `Record<string, unknown>` unsafe casts with proper NextAuth v5 module augmentation — added `src/next-auth.d.ts` extending `User`, `Session`, and `JWT` with typed `role?: string`, then cleaned up `auth-config.ts` callbacks and `user-menu.tsx` to use direct property access.

[task #32 exit=0 @ Sat Apr 25 13:45:22 JST 2026]

============================================================
TASK #33 — Sat Apr 25 13:45:42 JST 2026 — focus: subtle dark-mode contrast fixes — 152m left
============================================================
COMMITTED: boosted dark-mode `--muted-foreground` from `240 4% 65%` (#a1a1aa) to `240 5% 72%` (#b8b8c0) for ~5.8→7.5:1 contrast improvement, and `--ring`/`--sidebar-ring` from `240 4% 46%` to `240 5% 56%` for better focus visibility. These tokens affect muted secondary text across 63+ components and all focus outlines.

[task #33 exit=0 @ Sat Apr 25 13:48:19 JST 2026]

============================================================
TASK #34 — Sat Apr 25 13:48:39 JST 2026 — focus: console.log cleanup in production code — 149m left
============================================================
No middleware file. All production `console` usage is appropriate — three `console.error` in error boundaries (standard practice) and one `console.log` inside narrative string content.

NOOP: No stray console.log statements found in production code. The only `console.log` match is inside a string literal in `src/data/cases.ts:213` (narrative content: "held together with `console.log` prayers"). The three `console.error` calls in error boundary components are appropriate production error logging.

[task #34 exit=0 @ Sat Apr 25 13:49:09 JST 2026]

============================================================
TASK #35 — Sat Apr 25 13:49:29 JST 2026 — focus: missing error boundaries on data fetch — 148m left
============================================================
COMMITTED: added `error.tsx` for `/news` and `/learning` routes — both data-fetching segments that previously had no error boundary, leaving Supabase fetch failures and rendering errors uncaught.

[task #35 exit=0 @ Sat Apr 25 13:53:02 JST 2026]

============================================================
TASK #36 — Sat Apr 25 13:53:22 JST 2026 — focus: blog detail reading flow polish — 144m left
============================================================
COMMITTED: added ScrollProgressBar and BackToTop to the standard (non-enhanced) blog detail page — these reading flow features were previously only available on enhanced layout posts.

[task #36 exit=0 @ Sat Apr 25 13:55:50 JST 2026]

============================================================
TASK #37 — Sat Apr 25 13:56:10 JST 2026 — focus: navigation/header smoothness — 141m left
============================================================
COMMITTED: added scroll-aware header — when scrolled past 10px, the header smoothly transitions to a compact 48px height (from 64px) with increased background opacity (82%→95% light / 70%→88% dark) and stronger border definition, all with 300ms CSS transitions for a polished feel.

[task #37 exit=0 @ Sat Apr 25 13:58:23 JST 2026]

============================================================
TASK #38 — Sat Apr 25 13:58:43 JST 2026 — focus: footer polish and link audit — 139m left
============================================================
COMMITTED: Added `/about` page link to footer (referenced in JSON-LD but previously missing from nav), switched internal links to Next.js `Link` component instead of `target="_blank"` anchor, and added `role="contentinfo"` + `aria-label` for accessibility.

[task #38 exit=0 @ Sat Apr 25 14:01:07 JST 2026]

============================================================
TASK #39 — Sat Apr 25 14:01:27 JST 2026 — focus: 404/not-found page visual — 136m left
============================================================
COMMITTED: Added staggered fade-up entrance animation (each section fades in 0.1s apart) and a subtle cyan/pink glitch text-shadow effect on the "404" number. Two files changed: `globals.css` (new `fadeUp` + `glitch404` keyframes) and `[locale]/not-found.tsx` (applied staggered animations).

[task #39 exit=0 @ Sat Apr 25 14:04:47 JST 2026]

============================================================
TASK #40 — Sat Apr 25 14:05:07 JST 2026 — focus: OG/SEO metadata gaps — 132m left
============================================================
COMMITTED: Added missing OG image, twitter card, and canonical URL to `/learning` page (was the only section page missing these), and added full OG + twitter metadata to `/ai-join` page (previously had only title/description with no social sharing tags).

[task #40 exit=0 @ Sat Apr 25 14:07:18 JST 2026]

============================================================
TASK #41 — Sat Apr 25 14:07:38 JST 2026 — focus: image alt text quality — 130m left
============================================================
COMMITTED: Replaced 3 generic banner alt texts ("Blog banner", "AI Debate", "Cases banner") with localized page titles so screen readers and SEO get meaningful, language-appropriate descriptions instead of placeholder text.

[task #41 exit=0 @ Sat Apr 25 14:09:05 JST 2026]

============================================================
TASK #42 — Sat Apr 25 14:09:25 JST 2026 — focus: CSS animation prefers-reduced-motion coverage — 128m left
============================================================
COMMITTED: Added `prefers-reduced-motion: reduce` rules for Tailwind utility animations (`animate-bounce`, `animate-ping`, `animate-pulse`, `animate-spin`) that were used across 6 components but had no reduced-motion suppression. These join the existing custom CSS animation rules already covered in the same media query block.

[task #42 exit=0 @ Sat Apr 25 14:12:25 JST 2026]

============================================================
TASK #43 — Sat Apr 25 14:12:45 JST 2026 — focus: duplicate code in home components — 125m left
============================================================
COMMITTED: removed 2 dead-code component files (175 lines) — `sns-section.tsx` and `CatteryBanner.tsx` — that duplicated functionality already present in `MyWorld.tsx` and were never imported anywhere.

[task #43 exit=0 @ Sat Apr 25 14:14:52 JST 2026]

============================================================
TASK #44 — Sat Apr 25 14:15:12 JST 2026 — focus: API route input validation — 122m left
============================================================
COMMITTED: Added type guards and length limits to `/api/comments` POST — validates `post_slug` as string with 200-char max, `author_name` as string with 50-char max, `author_emoji` as string type, `content` as string type, and wraps `req.json()` in try/catch for malformed JSON.

[task #44 exit=0 @ Sat Apr 25 14:16:58 JST 2026]

============================================================
TASK #45 — Sat Apr 25 14:17:18 JST 2026 — focus: loading state UX on slow networks — 120m left
============================================================
COMMITTED: replaced `animate-pulse` (static opacity fade) with a directional shimmer sweep animation on all 3 skeleton loading pages (blog list, article detail, debate), added `role="status"` + `aria-label="Loading"` to all loading.tsx files for screen reader accessibility, and included `prefers-reduced-motion` suppression for the new shimmer class.

[task #45 exit=0 @ Sat Apr 25 14:20:37 JST 2026]

============================================================
TASK #46 — Sat Apr 25 14:20:57 JST 2026 — focus: Error boundary coverage on /debate /blog — 117m left
============================================================
COMMITTED: Added `error.tsx` for `/debate/[id]` detail route — previously this dynamic route (which calls `getDebateTopic()` API) had no error boundary, so runtime failures would bubble up to the parent segment's generic handler. Now it has a dedicated boundary with retry + "Back to Debate" recovery actions matching the site's Dior dark aesthetic.

[task #46 exit=0 @ Sat Apr 25 14:22:16 JST 2026]

============================================================
TASK #47 — Sat Apr 25 14:22:36 JST 2026 — focus: BlogCard hover polish — 115m left
============================================================
COMMITTED: Non-latest BlogCard BorderBeam now fades in smoothly via CSS opacity transition instead of abruptly mounting/unmounting on hover, eliminating the jarring pop-in effect.

[task #47 exit=0 @ Sat Apr 25 14:23:47 JST 2026]

============================================================
TASK #48 — Sat Apr 25 14:24:07 JST 2026 — focus: loading skeleton consistency across routes — 113m left
============================================================
COMMITTED: Replaced root `loading.tsx`'s `BrandedSpinner` (ping animation spinner) with a `skeleton-shimmer` layout that matches the home page structure (hero area + content grid), making all four route loading files consistent in visual style.

[task #48 exit=0 @ Sat Apr 25 14:25:49 JST 2026]

============================================================
TASK #49 — Sat Apr 25 14:26:09 JST 2026 — focus: hover micro-interactions on glass-cards — 111m left
============================================================
COMMITTED: Added a subtle radial inner-glow pulse on `.glass-card` hover via `::after` pseudo-element — dark mode gets a cyan top-glow, light mode gets a pink-lavender top-glow, both fade in over 0.4s. Respects `prefers-reduced-motion`. This is a new micro-interaction layer distinct from the existing border glow and diagonal sweep.

[task #49 exit=0 @ Sat Apr 25 14:28:15 JST 2026]

============================================================
TASK #50 — Sat Apr 25 14:28:35 JST 2026 — focus: mobile responsive issues on /zh homepage — 109m left
============================================================
COMMITTED: Scaled down AgentsStrip cards on mobile — avatar from 56px→40px, font from base→sm, padding from p-4→p-3, border-radius from 3xl→2xl, all with sm: breakpoints to preserve desktop appearance. This prevents the cramped/overflowed look on 320-375px screens where 2-column agent cards with 56px avatars left insufficient room for text.

[task #50 exit=0 @ Sat Apr 25 14:32:53 JST 2026]

============================================================
TASK #51 — Sat Apr 25 14:33:13 JST 2026 — focus: TypeScript any usage and type safety — 104m left
============================================================
COMMITTED: Removed unnecessary `as unknown as Headers` double cast in ai-agents register route (Request.headers is already Headers), and replaced two `!` non-null assertions with safe Map.get() checks in debate opinion route.

[task #51 exit=0 @ Sat Apr 25 14:37:04 JST 2026]

============================================================
TASK #52 — Sat Apr 25 14:37:24 JST 2026 — focus: lint warnings (next/image, unused imports) — 100m left
============================================================
COMMITTED: Removed 3 unused components (FloatingParticles, LightBeams, AINetwork) and their supporting data arrays, interface, and custom hook from hero-section.tsx — eliminated all 3 `no-unused-vars` lint warnings (377 lines removed, 1 line changed).

[task #52 exit=0 @ Sat Apr 25 14:44:14 JST 2026]

============================================================
TASK #53 — Sat Apr 25 14:44:34 JST 2026 — focus: i18n key consistency between zh/en/ja — 93m left
============================================================
COMMITTED: Fixed 6 untranslated/misplaced strings across all 3 locale files — zh had English labels in cattery section (highlight_1/2/3_label, contact_kicker) and notFound.description; en had Japanese for hero_identity; ja had English for footer.social_title.

[task #53 exit=0 @ Sat Apr 25 14:47:46 JST 2026]

============================================================
TASK #54 — Sat Apr 25 14:48:06 JST 2026 — focus: accessibility — aria-labels and focus rings — 89m left
============================================================
COMMITTED: Added `aria-label` to 3 icon-only buttons (blog search clear, blog-list search clear, mobile TOC close) and the search input — all previously invisible to screen readers.

[task #54 exit=0 @ Sat Apr 25 14:52:07 JST 2026]

============================================================
TASK #55 — Sat Apr 25 14:52:27 JST 2026 — focus: dead code and unused exports — 85m left
============================================================
COMMITTED: Removed 4 unused aceternity components (TextGenerateEffect, AnimatedBeam, BentoGrid/BentoGridItem, ShimmerButton) and their barrel re-exports — 256 lines of dead code deleted across 5 files.

[task #55 exit=0 @ Sat Apr 25 14:55:34 JST 2026]

============================================================
TASK #56 — Sat Apr 25 14:55:54 JST 2026 — focus: component prop type tightening — 82m left
============================================================
COMMITTED: Replaced loose `locale: string` and inline `'zh' | 'ja' | 'en'` union types with the imported `Locale` type across 4 files — eliminated an unsafe `as` cast in `life-grid.tsx`, tightened prop types in `TimelinePageClient`, `news-section.tsx`, and updated the caller in `page.tsx`.

[task #56 exit=0 @ Sat Apr 25 15:02:23 JST 2026]

============================================================
TASK #57 — Sat Apr 25 15:02:43 JST 2026 — focus: subtle dark-mode contrast fixes — 75m left
============================================================
COMMITTED: Raised dark-mode `--muted-foreground` from 65% to 72% lightness (improves contrast for all muted text + opacity variants site-wide), raised `--ring` from 46% to 56% for visible focus indicators, bumped `/30`→`/50` and `/40`→`/60` opacity on two near-invisible muted-foreground instances.

[task #57 exit=0 @ Sat Apr 25 15:05:04 JST 2026]

============================================================
TASK #58 — Sat Apr 25 15:05:24 JST 2026 — focus: console.log cleanup in production code — 72m left
============================================================
No executable `console.log` calls exist in the source code. The only match was a `console.log` reference inside a markdown story string in `cases.ts` (the text "held together with `console.log` prayers"), which is prose content, not executable code.

The `console.error` calls in error boundary components are standard Next.js practice and should remain.

NOOP: No console.log statements found in production code. The only match is inside a markdown story string in cases.ts (prose content, not executable). console.error calls in error boundaries are standard Next.js practice.

[task #58 exit=0 @ Sat Apr 25 15:06:12 JST 2026]

============================================================
TASK #59 — Sat Apr 25 15:06:32 JST 2026 — focus: missing error boundaries on data fetch — 71m left
============================================================
COMMITTED: Added error boundaries for `cases/` and `cases/[slug]/` routes — these were the only server-side data-fetching segments with zero error boundary coverage. Both follow the existing pattern (blog/debate) with retry + localized back-to-cases link.

[task #59 exit=0 @ Sat Apr 25 15:08:45 JST 2026]

============================================================
TASK #60 — Sat Apr 25 15:09:05 JST 2026 — focus: blog detail reading flow polish — 68m left
============================================================
COMMITTED: Refactored BackToTop button from inline styles to Tailwind classes using the design system's `brand-cyan` tokens, added hover scale effect, proper `aria-label`, and repositioned on mobile (`bottom-28`) to sit above the Mobile TOC toggle button (`bottom-20`) instead of overlapping it.

[task #60 exit=0 @ Sat Apr 25 15:11:04 JST 2026]

============================================================
TASK #61 — Sat Apr 25 15:11:24 JST 2026 — focus: navigation/header smoothness — 66m left
============================================================
COMMITTED: Raised scroll threshold from 10→20px to prevent premature header shrink on micro-scrolls, extended transition duration from 300→500ms with ease-out for smoother collapse animation, and added `will-change-transform` for GPU-composited smoothness.

[task #61 exit=0 @ Sat Apr 25 15:13:10 JST 2026]

============================================================
TASK #62 — Sat Apr 25 15:13:30 JST 2026 — focus: footer polish and link audit — 64m left
============================================================
COMMITTED: Fixed footer's `/about` link to use `@/i18n/navigation` Link instead of `next/link`, so the internal link properly includes the locale prefix (e.g. `/zh/about`, `/ja/about`, `/en/about`) instead of navigating to the bare `/about` path which would 404 or lose locale context.

[task #62 exit=0 @ Sat Apr 25 15:14:54 JST 2026]

============================================================
TASK #63 — Sat Apr 25 15:15:14 JST 2026 — focus: 404/not-found page visual — 62m left
============================================================
COMMITTED: Unified root 404 page with the dark luxury glass-card aesthetic (cyan/mint/taro gradient, glitch animation, backdrop-blur card), removed cat emoji/paw prints, and updated all 3 locale translations to match the polished tone.

[task #63 exit=0 @ Sat Apr 25 15:17:29 JST 2026]

============================================================
TASK #64 — Sat Apr 25 15:17:49 JST 2026 — focus: OG/SEO metadata gaps — 60m left
============================================================
API Error: Request rejected (429) · {"code":20026,"msg":"Coding Plan 5-hour request quota exceeded. Please try again later."}

[task #64 exit=1 @ Sat Apr 25 15:24:04 JST 2026]

============================================================
TASK #65 — Sat Apr 25 15:24:24 JST 2026 — focus: image alt text quality — 53m left
============================================================
API Error: Request rejected (429) · {"code":20026,"msg":"Coding Plan 5-hour request quota exceeded. Please try again later."}

[task #65 exit=1 @ Sat Apr 25 15:27:53 JST 2026]

============================================================
TASK #66 — Sat Apr 25 15:28:13 JST 2026 — focus: CSS animation prefers-reduced-motion coverage — 49m left
============================================================
API Error: Request rejected (429) · {"code":20026,"msg":"Coding Plan 5-hour request quota exceeded. Please try again later."}

[task #66 exit=1 @ Sat Apr 25 15:33:07 JST 2026]

============================================================
TASK #67 — Sat Apr 25 15:33:27 JST 2026 — focus: duplicate code in home components — 44m left
============================================================
API Error: Request rejected (429) · {"code":20026,"msg":"Coding Plan 5-hour request quota exceeded. Please try again later."}

[task #67 exit=1 @ Sat Apr 25 15:36:28 JST 2026]

============================================================
TASK #68 — Sat Apr 25 15:36:48 JST 2026 — focus: API route input validation — 41m left
============================================================
API Error: Request rejected (429) · {"code":20026,"msg":"Coding Plan 5-hour request quota exceeded. Please try again later."}

[task #68 exit=1 @ Sat Apr 25 15:40:04 JST 2026]

============================================================
TASK #69 — Sat Apr 25 15:40:24 JST 2026 — focus: loading state UX on slow networks — 37m left
============================================================
API Error: Request rejected (429) · {"code":20026,"msg":"Coding Plan 5-hour request quota exceeded. Please try again later."}

[task #69 exit=1 @ Sat Apr 25 15:44:53 JST 2026]

============================================================
TASK #70 — Sat Apr 25 15:45:13 JST 2026 — focus: Error boundary coverage on /debate /blog — 32m left
============================================================
API Error: Request rejected (429) · {"code":20026,"msg":"Coding Plan 5-hour request quota exceeded. Please try again later."}

[task #70 exit=1 @ Sat Apr 25 15:49:00 JST 2026]

============================================================
TASK #71 — Sat Apr 25 15:49:20 JST 2026 — focus: BlogCard hover polish — 28m left
============================================================
API Error: Request rejected (429) · {"code":20026,"msg":"Coding Plan 5-hour request quota exceeded. Please try again later."}

[task #71 exit=1 @ Sat Apr 25 15:52:46 JST 2026]

============================================================
TASK #72 — Sat Apr 25 15:53:06 JST 2026 — focus: loading skeleton consistency across routes — 24m left
============================================================
API Error: Request rejected (429) · {"code":20026,"msg":"Coding Plan 5-hour request quota exceeded. Please try again later."}

[task #72 exit=1 @ Sat Apr 25 15:57:23 JST 2026]

============================================================
TASK #73 — Sat Apr 25 15:57:43 JST 2026 — focus: hover micro-interactions on glass-cards — 20m left
============================================================

[task #73 exit=142 @ Sat Apr 25 16:09:43 JST 2026]

============================================================
TASK #74 — Sat Apr 25 16:10:03 JST 2026 — focus: mobile responsive issues on /zh homepage — 7m left
============================================================
API Error: Request rejected (429) · {"code":20026,"msg":"Coding Plan 5-hour request quota exceeded. Please try again later."}

[task #74 exit=1 @ Sat Apr 25 16:20:22 JST 2026]

############################################################
[Sat Apr 25 16:20:42 JST 2026] LOOP COMPLETE — 74 tasks executed
############################################################
